Build started 2.7.2019. 18.47.09.
     1>Project "C:\Users\Uzelac\Desktop\ProjekatCkraj\Projekat\Projekat.vcxproj" on node 2 (build target(s)).
     1>InitializeBuildStatus:
         Creating "Debug\Projekat.unsuccessfulbuild" because "AlwaysCreate" was specified.
       ClCompile:
         All outputs are up-to-date.
       ManifestResourceCompile:
         All outputs are up-to-date.
       Link:
         C:\Program Files (x86)\Microsoft Visual Studio 10.0\VC\bin\link.exe /ERRORREPORT:PROMPT /OUT:"C:\Users\Uzelac\Desktop\ProjekatCkraj\Debug\Projekat.exe" /INCREMENTAL /NOLOGO kernel32.lib user32.lib gdi32.lib winspool.lib comdlg32.lib advapi32.lib shell32.lib ole32.lib oleaut32.lib uuid.lib odbc32.lib odbccp32.lib /MANIFEST /ManifestFile:"Debug\Projekat.exe.intermediate.manifest" /MANIFESTUAC:"level='asInvoker' uiAccess='false'" /DEBUG /PDB:"C:\Users\Uzelac\Desktop\ProjekatCkraj\Debug\Projekat.pdb" /SUBSYSTEM:CONSOLE /TLBID:1 /DYNAMICBASE /NXCOMPAT /IMPLIB:"C:\Users\Uzelac\Desktop\ProjekatCkraj\Debug\Projekat.lib" /MACHINE:X86 Debug\Projekat.exe.embed.manifest.res
         Debug\vesala.obj
       Manifest:
         C:\Program Files (x86)\Microsoft SDKs\Windows\v7.0A\bin\mt.exe /nologo /verbose /out:"Debug\Projekat.exe.embed.manifest" /manifest Debug\Projekat.exe.intermediate.manifest
         All outputs are up-to-date.
       LinkEmbedManifest:
         All outputs are up-to-date.
         Projekat.vcxproj -> C:\Users\Uzelac\Desktop\ProjekatCkraj\Debug\Projekat.exe
       CopyFilesToOutputDirectory:
         Copying file from "Debug\Projekat.pdb" to "C:\Users\Uzelac\Desktop\ProjekatCkraj\Debug\Projekat.pdb".
       FinalizeBuildStatus:
         Deleting file "Debug\Projekat.unsuccessfulbuild".
         Touching "Debug\Projekat.lastbuildstate".
     1>Done Building Project "C:\Users\Uzelac\Desktop\ProjekatCkraj\Projekat\Projekat.vcxproj" (build target(s)).

Build succeeded.

Time Elapsed 00:00:00.28
